SLF4J: Class path contains multiple SLF4J bindings.
SLF4J: Found binding in [jar:file:/usr/local/server/app/xintuo-web-1.0.0.jar!/BOOT-INF/lib/logback-classic-1.1.11.jar!/org/slf4j/impl/StaticLoggerBinder.class]
SLF4J: Found binding in [jar:file:/usr/local/server/app/xintuo-web-1.0.0.jar!/BOOT-INF/lib/log4j-slf4j-impl-2.7.jar!/org/slf4j/impl/StaticLoggerBinder.class]
SLF4J: See http://www.slf4j.org/codes.html#multiple_bindings for an explanation.
SLF4J: Actual binding is of type [ch.qos.logback.classic.util.ContextSelectorStaticBinder]

  .   ____          _            __ _ _
 /\\ / ___'_ __ _ _(_)_ __  __ _ \ \ \ \
( ( )\___ | '_ | '_| | '_ \/ _` | \ \ \ \
 \\/  ___)| |_)| | | | | || (_| |  ) ) ) )
  '  |____| .__|_| |_|_| |_\__, | / / / /
 =========|_|==============|___/=/_/_/_/
 :: Spring Boot ::        (v1.5.9.RELEASE)

2018-11-10 21:36:55.878  INFO 5762 --- [           main] com.xintuo.main.App                      : Starting App v1.0.0 on iZuf63g1c5ttslfu5cix3kZ with PID 5762 (/usr/local/server/app/xintuo-web-1.0.0.jar started by root in /usr/local/server/app)
2018-11-10 21:36:55.885  INFO 5762 --- [           main] com.xintuo.main.App                      : The following profiles are active: pro
2018-11-10 21:36:55.987  INFO 5762 --- [           main] ationConfigEmbeddedWebApplicationContext : Refreshing org.springframework.boot.context.embedded.AnnotationConfigEmbeddedWebApplicationContext@7591083d: startup date [Sat Nov 10 21:36:55 CST 2018]; root of context hierarchy
2018-11-10 21:36:58.089  INFO 5762 --- [           main] o.s.b.f.s.DefaultListableBeanFactory     : Overriding bean definition for bean 'dataSource' with a different definition: replacing [Root bean: class [null]; scope=; abstract=false; lazyInit=false; autowireMode=3; dependencyCheck=0; autowireCandidate=true; primary=false; factoryBeanName=org.springframework.boot.autoconfigure.jdbc.DataSourceConfiguration$Generic; factoryMethodName=dataSource; initMethodName=null; destroyMethodName=(inferred); defined in class path resource [org/springframework/boot/autoconfigure/jdbc/DataSourceConfiguration$Generic.class]] with [Root bean: class [null]; scope=; abstract=false; lazyInit=false; autowireMode=3; dependencyCheck=0; autowireCandidate=true; primary=false; factoryBeanName=org.springframework.boot.autoconfigure.jdbc.DataSourceConfiguration$Hikari; factoryMethodName=dataSource; initMethodName=null; destroyMethodName=(inferred); defined in class path resource [org/springframework/boot/autoconfigure/jdbc/DataSourceConfiguration$Hikari.class]]
2018-11-10 21:36:58.141  WARN 5762 --- [           main] c.i.s.BeetlSqlStarterClassPathScanner    : BeetlSql没有在 '[com.]' 包中找到任何Mapper，请检查配置
2018-11-10 21:37:00.457  INFO 5762 --- [           main] org.xnio                                 : XNIO version 3.3.8.Final
2018-11-10 21:37:00.498  INFO 5762 --- [           main] org.xnio.nio                             : XNIO NIO Implementation Version 3.3.8.Final
2018-11-10 21:37:00.672  WARN 5762 --- [           main] io.undertow.websockets.jsr               : UT026009: XNIO worker was not set on WebSocketDeploymentInfo, the default worker will be used
2018-11-10 21:37:00.678  WARN 5762 --- [           main] io.undertow.websockets.jsr               : UT026010: Buffer pool was not set on WebSocketDeploymentInfo, the default pool will be used
2018-11-10 21:37:00.741  INFO 5762 --- [           main] io.undertow.servlet                      : Initializing Spring embedded WebApplicationContext
2018-11-10 21:37:00.746  INFO 5762 --- [           main] o.s.web.context.ContextLoader            : Root WebApplicationContext: initialization completed in 4766 ms
2018-11-10 21:37:01.407  INFO 5762 --- [           main] o.s.b.w.servlet.ServletRegistrationBean  : Mapping servlet: 'dispatcherServlet' to [/]
2018-11-10 21:37:01.421  INFO 5762 --- [           main] o.s.b.w.servlet.FilterRegistrationBean   : Mapping filter: 'metricsFilter' to: [/*]
2018-11-10 21:37:01.423  INFO 5762 --- [           main] o.s.b.w.servlet.FilterRegistrationBean   : Mapping filter: 'characterEncodingFilter' to: [/*]
2018-11-10 21:37:01.426  INFO 5762 --- [           main] o.s.b.w.servlet.FilterRegistrationBean   : Mapping filter: 'hiddenHttpMethodFilter' to: [/*]
2018-11-10 21:37:01.427  INFO 5762 --- [           main] o.s.b.w.servlet.FilterRegistrationBean   : Mapping filter: 'httpPutFormContentFilter' to: [/*]
2018-11-10 21:37:01.427  INFO 5762 --- [           main] o.s.b.w.servlet.FilterRegistrationBean   : Mapping filter: 'requestContextFilter' to: [/*]
2018-11-10 21:37:01.427  INFO 5762 --- [           main] o.s.b.w.servlet.FilterRegistrationBean   : Mapping filter: 'webRequestLoggingFilter' to: [/*]
2018-11-10 21:37:01.428  INFO 5762 --- [           main] o.s.b.w.servlet.FilterRegistrationBean   : Mapping filter: 'corsFilter' to: [/*]
2018-11-10 21:37:02.287  INFO 5762 --- [           main] com.zaxxer.hikari.HikariDataSource       : HikariPool-1 - Started.
2018-11-10 21:37:05.963  INFO 5762 --- [           main] s.w.s.m.m.a.RequestMappingHandlerAdapter : Looking for @ControllerAdvice: org.springframework.boot.context.embedded.AnnotationConfigEmbeddedWebApplicationContext@7591083d: startup date [Sat Nov 10 21:36:55 CST 2018]; root of context hierarchy
2018-11-10 21:37:06.140  INFO 5762 --- [           main] s.w.s.m.m.a.RequestMappingHandlerMapping : Mapped "{[/admin/user/current]}" onto public com.xintuo.controller.ResultModel com.xintuo.admin.controller.admin.AdminUserController.current()
2018-11-10 21:37:06.143  INFO 5762 --- [           main] s.w.s.m.m.a.RequestMappingHandlerMapping : Mapped "{[/admin/user/updatePassword]}" onto public com.xintuo.controller.ResultModel com.xintuo.admin.controller.admin.AdminUserController.updatePaw(java.lang.String,java.lang.String)
2018-11-10 21:37:06.147  INFO 5762 --- [           main] s.w.s.m.m.a.RequestMappingHandlerMapping : Mapped "{[/admin/category/list]}" onto public com.xintuo.controller.ResultModel com.xintuo.admin.controller.category.CategoryController.listCategory(com.xintuo.vo.ReqPageVo,java.lang.Integer)
2018-11-10 21:37:06.147  INFO 5762 --- [           main] s.w.s.m.m.a.RequestMappingHandlerMapping : Mapped "{[/admin/category/add]}" onto public com.xintuo.controller.ResultModel com.xintuo.admin.controller.category.CategoryController.addCategory(com.xintuo.vo.ReqCategoryVo)
2018-11-10 21:37:06.148  INFO 5762 --- [           main] s.w.s.m.m.a.RequestMappingHandlerMapping : Mapped "{[/admin/category/update]}" onto public com.xintuo.controller.ResultModel com.xintuo.admin.controller.category.CategoryController.updateCategory(com.xintuo.vo.ReqCategoryVo)
2018-11-10 21:37:06.148  INFO 5762 --- [           main] s.w.s.m.m.a.RequestMappingHandlerMapping : Mapped "{[/admin/category/del]}" onto public com.xintuo.controller.ResultModel com.xintuo.admin.controller.category.CategoryController.del(java.lang.Integer)
2018-11-10 21:37:06.150  INFO 5762 --- [           main] s.w.s.m.m.a.RequestMappingHandlerMapping : Mapped "{[/]}" onto public java.lang.Object com.xintuo.admin.controller.IndexController.index()
2018-11-10 21:37:06.155  INFO 5762 --- [           main] s.w.s.m.m.a.RequestMappingHandlerMapping : Mapped "{[/admin/insurance/del]}" onto public com.xintuo.controller.ResultModel com.xintuo.admin.controller.insurance.InsuranceController.del(java.lang.Integer)
2018-11-10 21:37:06.158  INFO 5762 --- [           main] s.w.s.m.m.a.RequestMappingHandlerMapping : Mapped "{[/admin/insurance/add]}" onto public com.xintuo.controller.ResultModel com.xintuo.admin.controller.insurance.InsuranceController.add(java.lang.String,java.lang.String)
2018-11-10 21:37:06.158  INFO 5762 --- [           main] s.w.s.m.m.a.RequestMappingHandlerMapping : Mapped "{[/admin/insurance/get]}" onto public com.xintuo.controller.ResultModel com.xintuo.admin.controller.insurance.InsuranceController.get(java.lang.Integer)
2018-11-10 21:37:06.159  INFO 5762 --- [           main] s.w.s.m.m.a.RequestMappingHandlerMapping : Mapped "{[/admin/insurance/update]}" onto public com.xintuo.controller.ResultModel com.xintuo.admin.controller.insurance.InsuranceController.update(java.lang.Integer,java.lang.String,java.lang.String)
2018-11-10 21:37:06.159  INFO 5762 --- [           main] s.w.s.m.m.a.RequestMappingHandlerMapping : Mapped "{[/admin/insurance/list]}" onto public com.xintuo.controller.ResultModel com.xintuo.admin.controller.insurance.InsuranceController.list(com.xintuo.vo.ReqPageVo)
2018-11-10 21:37:06.161  INFO 5762 --- [           main] s.w.s.m.m.a.RequestMappingHandlerMapping : Mapped "{[/admin/login]}" onto public com.xintuo.controller.ResultModel com.xintuo.admin.controller.LoginController.login(java.lang.String,java.lang.String)
2018-11-10 21:37:06.171  INFO 5762 --- [           main] s.w.s.m.m.a.RequestMappingHandlerMapping : Mapped "{[/admin/product/del]}" onto public com.xintuo.controller.ResultModel com.xintuo.admin.controller.product.ProductController.del(java.lang.Integer)
2018-11-10 21:37:06.172  INFO 5762 --- [           main] s.w.s.m.m.a.RequestMappingHandlerMapping : Mapped "{[/admin/product/add]}" onto public com.xintuo.controller.ResultModel com.xintuo.admin.controller.product.ProductController.add(com.xintuo.vo.ReqTrustProductVo)
2018-11-10 21:37:06.172  INFO 5762 --- [           main] s.w.s.m.m.a.RequestMappingHandlerMapping : Mapped "{[/admin/product/get]}" onto public com.xintuo.controller.ResultModel com.xintuo.admin.controller.product.ProductController.get(java.lang.Integer)
2018-11-10 21:37:06.174  INFO 5762 --- [           main] s.w.s.m.m.a.RequestMappingHandlerMapping : Mapped "{[/admin/product/update]}" onto public com.xintuo.controller.ResultModel com.xintuo.admin.controller.product.ProductController.update(com.xintuo.vo.ReqTrustProductVo)
2018-11-10 21:37:06.174  INFO 5762 --- [           main] s.w.s.m.m.a.RequestMappingHandlerMapping : Mapped "{[/admin/product/list]}" onto public com.xintuo.controller.ResultModel com.xintuo.admin.controller.product.ProductController.list(com.xintuo.vo.ReqPageVo,java.lang.Integer,java.lang.String,java.lang.Integer)
2018-11-10 21:37:06.180  INFO 5762 --- [           main] s.w.s.m.m.a.RequestMappingHandlerMapping : Mapped "{[/admin/reservation/list]}" onto public com.xintuo.controller.ResultModel com.xintuo.admin.controller.reservation.ReservationController.listReservation(com.xintuo.vo.ReqPageVo)
2018-11-10 21:37:06.180  INFO 5762 --- [           main] s.w.s.m.m.a.RequestMappingHandlerMapping : Mapped "{[/admin/reservation/del]}" onto public com.xintuo.controller.ResultModel com.xintuo.admin.controller.reservation.ReservationController.del(java.lang.Integer)
2018-11-10 21:37:06.181  INFO 5762 --- [           main] s.w.s.m.m.a.RequestMappingHandlerMapping : Mapped "{[/insurance/list]}" onto public com.xintuo.controller.ResultModel com.xintuo.web.controller.InsuranceFrontController.list(com.xintuo.vo.ReqPageVo)
2018-11-10 21:37:06.183  INFO 5762 --- [           main] s.w.s.m.m.a.RequestMappingHandlerMapping : Mapped "{[/trustProducts/recommend]}" onto public com.xintuo.controller.ResultModel com.xintuo.web.controller.TrustProductsController.recommend(com.xintuo.vo.ReqPageVo,java.lang.Integer)
2018-11-10 21:37:06.184  INFO 5762 --- [           main] s.w.s.m.m.a.RequestMappingHandlerMapping : Mapped "{[/trustProducts/hot]}" onto public com.xintuo.controller.ResultModel com.xintuo.web.controller.TrustProductsController.hot(com.xintuo.vo.ReqPageVo,java.lang.Integer)
2018-11-10 21:37:06.194  INFO 5762 --- [           main] s.w.s.m.m.a.RequestMappingHandlerMapping : Mapped "{[/trustProducts/get]}" onto public com.xintuo.controller.ResultModel com.xintuo.web.controller.TrustProductsController.hot(java.lang.Integer)
2018-11-10 21:37:06.194  INFO 5762 --- [           main] s.w.s.m.m.a.RequestMappingHandlerMapping : Mapped "{[/trustProducts/search]}" onto public com.xintuo.controller.ResultModel com.xintuo.web.controller.TrustProductsController.search(com.xintuo.vo.ReqPageVo,com.xintuo.vo.ReqProductSearchVo)
2018-11-10 21:37:06.195  INFO 5762 --- [           main] s.w.s.m.m.a.RequestMappingHandlerMapping : Mapped "{[/trustProducts/order]}" onto public com.xintuo.controller.ResultModel com.xintuo.web.controller.TrustProductsController.order(java.lang.String,java.lang.String,java.lang.Integer)
2018-11-10 21:37:06.196  INFO 5762 --- [           main] s.w.s.m.m.a.RequestMappingHandlerMapping : Mapped "{[/error],produces=[text/html]}" onto public org.springframework.web.servlet.ModelAndView org.springframework.boot.autoconfigure.web.BasicErrorController.errorHtml(javax.servlet.http.HttpServletRequest,javax.servlet.http.HttpServletResponse)
2018-11-10 21:37:06.198  INFO 5762 --- [           main] s.w.s.m.m.a.RequestMappingHandlerMapping : Mapped "{[/error]}" onto public org.springframework.http.ResponseEntity<java.util.Map<java.lang.String, java.lang.Object>> org.springframework.boot.autoconfigure.web.BasicErrorController.error(javax.servlet.http.HttpServletRequest)
2018-11-10 21:37:06.308  INFO 5762 --- [           main] o.s.w.s.handler.SimpleUrlHandlerMapping  : Mapped URL path [/webjars/**] onto handler of type [class org.springframework.web.servlet.resource.ResourceHttpRequestHandler]
2018-11-10 21:37:06.308  INFO 5762 --- [           main] o.s.w.s.handler.SimpleUrlHandlerMapping  : Mapped URL path [/**] onto handler of type [class org.springframework.web.servlet.resource.ResourceHttpRequestHandler]
2018-11-10 21:37:06.358  INFO 5762 --- [           main] .m.m.a.ExceptionHandlerExceptionResolver : Detected @ExceptionHandler methods in handlerExceptionController
2018-11-10 21:37:06.425  INFO 5762 --- [           main] o.s.w.s.handler.SimpleUrlHandlerMapping  : Mapped URL path [/**/favicon.ico] onto handler of type [class org.springframework.web.servlet.resource.ResourceHttpRequestHandler]
2018-11-10 21:37:07.870  INFO 5762 --- [           main] o.s.b.a.e.mvc.EndpointHandlerMapping     : Mapped "{[/dump || /dump.json],methods=[GET],produces=[application/vnd.spring-boot.actuator.v1+json || application/json]}" onto public java.lang.Object org.springframework.boot.actuate.endpoint.mvc.EndpointMvcAdapter.invoke()
2018-11-10 21:37:07.872  INFO 5762 --- [           main] o.s.b.a.e.mvc.EndpointHandlerMapping     : Mapped "{[/metrics/{name:.*}],methods=[GET],produces=[application/vnd.spring-boot.actuator.v1+json || application/json]}" onto public java.lang.Object org.springframework.boot.actuate.endpoint.mvc.MetricsMvcEndpoint.value(java.lang.String)
2018-11-10 21:37:07.875  INFO 5762 --- [           main] o.s.b.a.e.mvc.EndpointHandlerMapping     : Mapped "{[/metrics || /metrics.json],methods=[GET],produces=[application/vnd.spring-boot.actuator.v1+json || application/json]}" onto public java.lang.Object org.springframework.boot.actuate.endpoint.mvc.EndpointMvcAdapter.invoke()
2018-11-10 21:37:07.876  INFO 5762 --- [           main] o.s.b.a.e.mvc.EndpointHandlerMapping     : Mapped "{[/trace || /trace.json],methods=[GET],produces=[application/vnd.spring-boot.actuator.v1+json || application/json]}" onto public java.lang.Object org.springframework.boot.actuate.endpoint.mvc.EndpointMvcAdapter.invoke()
2018-11-10 21:37:07.877  INFO 5762 --- [           main] o.s.b.a.e.mvc.EndpointHandlerMapping     : Mapped "{[/env/{name:.*}],methods=[GET],produces=[application/vnd.spring-boot.actuator.v1+json || application/json]}" onto public java.lang.Object org.springframework.boot.actuate.endpoint.mvc.EnvironmentMvcEndpoint.value(java.lang.String)
2018-11-10 21:37:07.878  INFO 5762 --- [           main] o.s.b.a.e.mvc.EndpointHandlerMapping     : Mapped "{[/env || /env.json],methods=[GET],produces=[application/vnd.spring-boot.actuator.v1+json || application/json]}" onto public java.lang.Object org.springframework.boot.actuate.endpoint.mvc.EndpointMvcAdapter.invoke()
2018-11-10 21:37:07.881  INFO 5762 --- [           main] o.s.b.a.e.mvc.EndpointHandlerMapping     : Mapped "{[/loggers/{name:.*}],methods=[GET],produces=[application/vnd.spring-boot.actuator.v1+json || application/json]}" onto public java.lang.Object org.springframework.boot.actuate.endpoint.mvc.LoggersMvcEndpoint.get(java.lang.String)
2018-11-10 21:37:07.881  INFO 5762 --- [           main] o.s.b.a.e.mvc.EndpointHandlerMapping     : Mapped "{[/loggers/{name:.*}],methods=[POST],consumes=[application/vnd.spring-boot.actuator.v1+json || application/json],produces=[application/vnd.spring-boot.actuator.v1+json || application/json]}" onto public java.lang.Object org.springframework.boot.actuate.endpoint.mvc.LoggersMvcEndpoint.set(java.lang.String,java.util.Map<java.lang.String, java.lang.String>)
2018-11-10 21:37:07.881  INFO 5762 --- [           main] o.s.b.a.e.mvc.EndpointHandlerMapping     : Mapped "{[/loggers || /loggers.json],methods=[GET],produces=[application/vnd.spring-boot.actuator.v1+json || application/json]}" onto public java.lang.Object org.springframework.boot.actuate.endpoint.mvc.EndpointMvcAdapter.invoke()
2018-11-10 21:37:07.882  INFO 5762 --- [           main] o.s.b.a.e.mvc.EndpointHandlerMapping     : Mapped "{[/health || /health.json],methods=[GET],produces=[application/vnd.spring-boot.actuator.v1+json || application/json]}" onto public java.lang.Object org.springframework.boot.actuate.endpoint.mvc.HealthMvcEndpoint.invoke(javax.servlet.http.HttpServletRequest,java.security.Principal)
2018-11-10 21:37:07.883  INFO 5762 --- [           main] o.s.b.a.e.mvc.EndpointHandlerMapping     : Mapped "{[/beans || /beans.json],methods=[GET],produces=[application/vnd.spring-boot.actuator.v1+json || application/json]}" onto public java.lang.Object org.springframework.boot.actuate.endpoint.mvc.EndpointMvcAdapter.invoke()
2018-11-10 21:37:07.885  INFO 5762 --- [           main] o.s.b.a.e.mvc.EndpointHandlerMapping     : Mapped "{[/heapdump || /heapdump.json],methods=[GET],produces=[application/octet-stream]}" onto public void org.springframework.boot.actuate.endpoint.mvc.HeapdumpMvcEndpoint.invoke(boolean,javax.servlet.http.HttpServletRequest,javax.servlet.http.HttpServletResponse) throws java.io.IOException,javax.servlet.ServletException
2018-11-10 21:37:07.886  INFO 5762 --- [           main] o.s.b.a.e.mvc.EndpointHandlerMapping     : Mapped "{[/info || /info.json],methods=[GET],produces=[application/vnd.spring-boot.actuator.v1+json || application/json]}" onto public java.lang.Object org.springframework.boot.actuate.endpoint.mvc.EndpointMvcAdapter.invoke()
2018-11-10 21:37:07.888  INFO 5762 --- [           main] o.s.b.a.e.mvc.EndpointHandlerMapping     : Mapped "{[/logfile || /logfile.json],methods=[GET || HEAD]}" onto public void org.springframework.boot.actuate.endpoint.mvc.LogFileMvcEndpoint.invoke(javax.servlet.http.HttpServletRequest,javax.servlet.http.HttpServletResponse) throws javax.servlet.ServletException,java.io.IOException
2018-11-10 21:37:07.890  INFO 5762 --- [           main] o.s.b.a.e.mvc.EndpointHandlerMapping     : Mapped "{[/mappings || /mappings.json],methods=[GET],produces=[application/vnd.spring-boot.actuator.v1+json || application/json]}" onto public java.lang.Object org.springframework.boot.actuate.endpoint.mvc.EndpointMvcAdapter.invoke()
2018-11-10 21:37:07.892  INFO 5762 --- [           main] o.s.b.a.e.mvc.EndpointHandlerMapping     : Mapped "{[/configprops || /configprops.json],methods=[GET],produces=[application/vnd.spring-boot.actuator.v1+json || application/json]}" onto public java.lang.Object org.springframework.boot.actuate.endpoint.mvc.EndpointMvcAdapter.invoke()
2018-11-10 21:37:07.893  INFO 5762 --- [           main] o.s.b.a.e.mvc.EndpointHandlerMapping     : Mapped "{[/auditevents || /auditevents.json],methods=[GET],produces=[application/vnd.spring-boot.actuator.v1+json || application/json]}" onto public org.springframework.http.ResponseEntity<?> org.springframework.boot.actuate.endpoint.mvc.AuditEventsMvcEndpoint.findByPrincipalAndAfterAndType(java.lang.String,java.util.Date,java.lang.String)
2018-11-10 21:37:07.895  INFO 5762 --- [           main] o.s.b.a.e.mvc.EndpointHandlerMapping     : Mapped "{[/autoconfig || /autoconfig.json],methods=[GET],produces=[application/vnd.spring-boot.actuator.v1+json || application/json]}" onto public java.lang.Object org.springframework.boot.actuate.endpoint.mvc.EndpointMvcAdapter.invoke()
2018-11-10 21:37:08.244  INFO 5762 --- [           main] o.s.j.e.a.AnnotationMBeanExporter        : Registering beans for JMX exposure on startup
2018-11-10 21:37:08.252  INFO 5762 --- [           main] o.s.j.e.a.AnnotationMBeanExporter        : Bean with name 'dataSource' has been autodetected for JMX exposure
2018-11-10 21:37:08.264  INFO 5762 --- [           main] o.s.j.e.a.AnnotationMBeanExporter        : Located MBean 'dataSource': registering with JMX server as MBean [com.zaxxer.hikari:name=dataSource,type=HikariDataSource]
2018-11-10 21:37:08.278  INFO 5762 --- [           main] o.s.c.support.DefaultLifecycleProcessor  : Starting beans in phase 0
2018-11-10 21:37:08.562  INFO 5762 --- [           main] b.c.e.u.UndertowEmbeddedServletContainer : Undertow started on port(s) 8080 (http)
2018-11-10 21:37:08.575  INFO 5762 --- [           main] com.xintuo.main.App                      : Started App in 13.545 seconds (JVM running for 14.305)
Error: Invalid or corrupt jarfile ./
Error: Invalid or corrupt jarfile ./
2018-11-10 21:44:19.506  INFO 5762 --- [       Thread-2] ationConfigEmbeddedWebApplicationContext : Closing org.springframework.boot.context.embedded.AnnotationConfigEmbeddedWebApplicationContext@7591083d: startup date [Sat Nov 10 21:36:55 CST 2018]; root of context hierarchy
2018-11-10 21:44:19.514  INFO 5762 --- [       Thread-2] o.s.c.support.DefaultLifecycleProcessor  : Stopping beans in phase 0
2018-11-10 21:44:19.519  INFO 5762 --- [       Thread-2] o.s.j.e.a.AnnotationMBeanExporter        : Unregistering JMX-exposed beans on shutdown
2018-11-10 21:44:19.520  INFO 5762 --- [       Thread-2] o.s.j.e.a.AnnotationMBeanExporter        : Unregistering JMX-exposed beans
2018-11-10 21:44:19.524  INFO 5762 --- [       Thread-2] com.zaxxer.hikari.pool.HikariPool        : HikariPool-1 - Close initiated...
2018-11-10 21:44:19.531  INFO 5762 --- [       Thread-2] com.zaxxer.hikari.pool.HikariPool        : HikariPool-1 - Closed.
SLF4J: Class path contains multiple SLF4J bindings.
SLF4J: Found binding in [jar:file:/usr/local/server/app/xintuo-web-1.0.0.jar!/BOOT-INF/lib/logback-classic-1.1.11.jar!/org/slf4j/impl/StaticLoggerBinder.class]
SLF4J: Found binding in [jar:file:/usr/local/server/app/xintuo-web-1.0.0.jar!/BOOT-INF/lib/log4j-slf4j-impl-2.7.jar!/org/slf4j/impl/StaticLoggerBinder.class]
SLF4J: See http://www.slf4j.org/codes.html#multiple_bindings for an explanation.
SLF4J: Actual binding is of type [ch.qos.logback.classic.util.ContextSelectorStaticBinder]

  .   ____          _            __ _ _
 /\\ / ___'_ __ _ _(_)_ __  __ _ \ \ \ \
( ( )\___ | '_ | '_| | '_ \/ _` | \ \ \ \
 \\/  ___)| |_)| | | | | || (_| |  ) ) ) )
  '  |____| .__|_| |_|_| |_\__, | / / / /
 =========|_|==============|___/=/_/_/_/
 :: Spring Boot ::        (v1.5.9.RELEASE)

2018-11-10 21:44:26.230  INFO 5947 --- [           main] com.xintuo.main.App                      : Starting App v1.0.0 on iZuf63g1c5ttslfu5cix3kZ with PID 5947 (/usr/local/server/app/xintuo-web-1.0.0.jar started by root in /usr/local/server/app)
2018-11-10 21:44:26.238  INFO 5947 --- [           main] com.xintuo.main.App                      : The following profiles are active: pro
2018-11-10 21:44:26.380  INFO 5947 --- [           main] ationConfigEmbeddedWebApplicationContext : Refreshing org.springframework.boot.context.embedded.AnnotationConfigEmbeddedWebApplicationContext@7591083d: startup date [Sat Nov 10 21:44:26 CST 2018]; root of context hierarchy
2018-11-10 21:44:28.197  INFO 5947 --- [           main] o.s.b.f.s.DefaultListableBeanFactory     : Overriding bean definition for bean 'dataSource' with a different definition: replacing [Root bean: class [null]; scope=; abstract=false; lazyInit=false; autowireMode=3; dependencyCheck=0; autowireCandidate=true; primary=false; factoryBeanName=org.springframework.boot.autoconfigure.jdbc.DataSourceConfiguration$Generic; factoryMethodName=dataSource; initMethodName=null; destroyMethodName=(inferred); defined in class path resource [org/springframework/boot/autoconfigure/jdbc/DataSourceConfiguration$Generic.class]] with [Root bean: class [null]; scope=; abstract=false; lazyInit=false; autowireMode=3; dependencyCheck=0; autowireCandidate=true; primary=false; factoryBeanName=org.springframework.boot.autoconfigure.jdbc.DataSourceConfiguration$Hikari; factoryMethodName=dataSource; initMethodName=null; destroyMethodName=(inferred); defined in class path resource [org/springframework/boot/autoconfigure/jdbc/DataSourceConfiguration$Hikari.class]]
2018-11-10 21:44:28.247  WARN 5947 --- [           main] c.i.s.BeetlSqlStarterClassPathScanner    : BeetlSql没有在 '[com.]' 包中找到任何Mapper，请检查配置
2018-11-10 21:44:30.611  INFO 5947 --- [           main] org.xnio                                 : XNIO version 3.3.8.Final
2018-11-10 21:44:30.644  INFO 5947 --- [           main] org.xnio.nio                             : XNIO NIO Implementation Version 3.3.8.Final
2018-11-10 21:44:30.819  WARN 5947 --- [           main] io.undertow.websockets.jsr               : UT026009: XNIO worker was not set on WebSocketDeploymentInfo, the default worker will be used
2018-11-10 21:44:30.819  WARN 5947 --- [           main] io.undertow.websockets.jsr               : UT026010: Buffer pool was not set on WebSocketDeploymentInfo, the default pool will be used
2018-11-10 21:44:30.883  INFO 5947 --- [           main] io.undertow.servlet                      : Initializing Spring embedded WebApplicationContext
2018-11-10 21:44:30.883  INFO 5947 --- [           main] o.s.web.context.ContextLoader            : Root WebApplicationContext: initialization completed in 4509 ms
2018-11-10 21:44:31.486  INFO 5947 --- [           main] o.s.b.w.servlet.ServletRegistrationBean  : Mapping servlet: 'dispatcherServlet' to [/]
2018-11-10 21:44:31.496  INFO 5947 --- [           main] o.s.b.w.servlet.FilterRegistrationBean   : Mapping filter: 'metricsFilter' to: [/*]
2018-11-10 21:44:31.499  INFO 5947 --- [           main] o.s.b.w.servlet.FilterRegistrationBean   : Mapping filter: 'characterEncodingFilter' to: [/*]
2018-11-10 21:44:31.500  INFO 5947 --- [           main] o.s.b.w.servlet.FilterRegistrationBean   : Mapping filter: 'hiddenHttpMethodFilter' to: [/*]
2018-11-10 21:44:31.500  INFO 5947 --- [           main] o.s.b.w.servlet.FilterRegistrationBean   : Mapping filter: 'httpPutFormContentFilter' to: [/*]
2018-11-10 21:44:31.502  INFO 5947 --- [           main] o.s.b.w.servlet.FilterRegistrationBean   : Mapping filter: 'requestContextFilter' to: [/*]
2018-11-10 21:44:31.503  INFO 5947 --- [           main] o.s.b.w.servlet.FilterRegistrationBean   : Mapping filter: 'webRequestLoggingFilter' to: [/*]
2018-11-10 21:44:31.503  INFO 5947 --- [           main] o.s.b.w.servlet.FilterRegistrationBean   : Mapping filter: 'corsFilter' to: [/*]
2018-11-10 21:44:32.603  INFO 5947 --- [           main] com.zaxxer.hikari.HikariDataSource       : HikariPool-1 - Started.
2018-11-10 21:44:35.910  INFO 5947 --- [           main] s.w.s.m.m.a.RequestMappingHandlerAdapter : Looking for @ControllerAdvice: org.springframework.boot.context.embedded.AnnotationConfigEmbeddedWebApplicationContext@7591083d: startup date [Sat Nov 10 21:44:26 CST 2018]; root of context hierarchy
2018-11-10 21:44:36.070  INFO 5947 --- [           main] s.w.s.m.m.a.RequestMappingHandlerMapping : Mapped "{[/admin/user/current]}" onto public com.xintuo.controller.ResultModel com.xintuo.admin.controller.admin.AdminUserController.current()
2018-11-10 21:44:36.071  INFO 5947 --- [           main] s.w.s.m.m.a.RequestMappingHandlerMapping : Mapped "{[/admin/user/updatePassword]}" onto public com.xintuo.controller.ResultModel com.xintuo.admin.controller.admin.AdminUserController.updatePaw(java.lang.String,java.lang.String)
2018-11-10 21:44:36.075  INFO 5947 --- [           main] s.w.s.m.m.a.RequestMappingHandlerMapping : Mapped "{[/admin/category/list]}" onto public com.xintuo.controller.ResultModel com.xintuo.admin.controller.category.CategoryController.listCategory(com.xintuo.vo.ReqPageVo,java.lang.Integer)
2018-11-10 21:44:36.075  INFO 5947 --- [           main] s.w.s.m.m.a.RequestMappingHandlerMapping : Mapped "{[/admin/category/update]}" onto public com.xintuo.controller.ResultModel com.xintuo.admin.controller.category.CategoryController.updateCategory(com.xintuo.vo.ReqCategoryVo)
2018-11-10 21:44:36.075  INFO 5947 --- [           main] s.w.s.m.m.a.RequestMappingHandlerMapping : Mapped "{[/admin/category/del]}" onto public com.xintuo.controller.ResultModel com.xintuo.admin.controller.category.CategoryController.del(java.lang.Integer)
2018-11-10 21:44:36.076  INFO 5947 --- [           main] s.w.s.m.m.a.RequestMappingHandlerMapping : Mapped "{[/admin/category/add]}" onto public com.xintuo.controller.ResultModel com.xintuo.admin.controller.category.CategoryController.addCategory(com.xintuo.vo.ReqCategoryVo)
2018-11-10 21:44:36.076  INFO 5947 --- [           main] s.w.s.m.m.a.RequestMappingHandlerMapping : Mapped "{[/]}" onto public java.lang.Object com.xintuo.admin.controller.IndexController.index()
2018-11-10 21:44:36.077  INFO 5947 --- [           main] s.w.s.m.m.a.RequestMappingHandlerMapping : Mapped "{[/admin/insurance/del]}" onto public com.xintuo.controller.ResultModel com.xintuo.admin.controller.insurance.InsuranceController.del(java.lang.Integer)
2018-11-10 21:44:36.077  INFO 5947 --- [           main] s.w.s.m.m.a.RequestMappingHandlerMapping : Mapped "{[/admin/insurance/add]}" onto public com.xintuo.controller.ResultModel com.xintuo.admin.controller.insurance.InsuranceController.add(java.lang.String,java.lang.String)
2018-11-10 21:44:36.077  INFO 5947 --- [           main] s.w.s.m.m.a.RequestMappingHandlerMapping : Mapped "{[/admin/insurance/get]}" onto public com.xintuo.controller.ResultModel com.xintuo.admin.controller.insurance.InsuranceController.get(java.lang.Integer)
2018-11-10 21:44:36.078  INFO 5947 --- [           main] s.w.s.m.m.a.RequestMappingHandlerMapping : Mapped "{[/admin/insurance/update]}" onto public com.xintuo.controller.ResultModel com.xintuo.admin.controller.insurance.InsuranceController.update(java.lang.Integer,java.lang.String,java.lang.String)
2018-11-10 21:44:36.078  INFO 5947 --- [           main] s.w.s.m.m.a.RequestMappingHandlerMapping : Mapped "{[/admin/insurance/list]}" onto public com.xintuo.controller.ResultModel com.xintuo.admin.controller.insurance.InsuranceController.list(com.xintuo.vo.ReqPageVo)
2018-11-10 21:44:36.086  INFO 5947 --- [           main] s.w.s.m.m.a.RequestMappingHandlerMapping : Mapped "{[/admin/login]}" onto public com.xintuo.controller.ResultModel com.xintuo.admin.controller.LoginController.login(java.lang.String,java.lang.String)
2018-11-10 21:44:36.089  INFO 5947 --- [           main] s.w.s.m.m.a.RequestMappingHandlerMapping : Mapped "{[/admin/product/del]}" onto public com.xintuo.controller.ResultModel com.xintuo.admin.controller.product.ProductController.del(java.lang.Integer)
2018-11-10 21:44:36.090  INFO 5947 --- [           main] s.w.s.m.m.a.RequestMappingHandlerMapping : Mapped "{[/admin/product/add]}" onto public com.xintuo.controller.ResultModel com.xintuo.admin.controller.product.ProductController.add(com.xintuo.vo.ReqTrustProductVo)
2018-11-10 21:44:36.098  INFO 5947 --- [           main] s.w.s.m.m.a.RequestMappingHandlerMapping : Mapped "{[/admin/product/get]}" onto public com.xintuo.controller.ResultModel com.xintuo.admin.controller.product.ProductController.get(java.lang.Integer)
2018-11-10 21:44:36.100  INFO 5947 --- [           main] s.w.s.m.m.a.RequestMappingHandlerMapping : Mapped "{[/admin/product/update]}" onto public com.xintuo.controller.ResultModel com.xintuo.admin.controller.product.ProductController.update(com.xintuo.vo.ReqTrustProductVo)
2018-11-10 21:44:36.100  INFO 5947 --- [           main] s.w.s.m.m.a.RequestMappingHandlerMapping : Mapped "{[/admin/product/list]}" onto public com.xintuo.controller.ResultModel com.xintuo.admin.controller.product.ProductController.list(com.xintuo.vo.ReqPageVo,java.lang.Integer,java.lang.String,java.lang.Integer)
2018-11-10 21:44:36.101  INFO 5947 --- [           main] s.w.s.m.m.a.RequestMappingHandlerMapping : Mapped "{[/admin/reservation/list]}" onto public com.xintuo.controller.ResultModel com.xintuo.admin.controller.reservation.ReservationController.listReservation(com.xintuo.vo.ReqPageVo)
2018-11-10 21:44:36.101  INFO 5947 --- [           main] s.w.s.m.m.a.RequestMappingHandlerMapping : Mapped "{[/admin/reservation/del]}" onto public com.xintuo.controller.ResultModel com.xintuo.admin.controller.reservation.ReservationController.del(java.lang.Integer)
2018-11-10 21:44:36.106  INFO 5947 --- [           main] s.w.s.m.m.a.RequestMappingHandlerMapping : Mapped "{[/insurance/list]}" onto public com.xintuo.controller.ResultModel com.xintuo.web.controller.InsuranceFrontController.list(com.xintuo.vo.ReqPageVo)
2018-11-10 21:44:36.107  INFO 5947 --- [           main] s.w.s.m.m.a.RequestMappingHandlerMapping : Mapped "{[/trustProducts/recommend]}" onto public com.xintuo.controller.ResultModel com.xintuo.web.controller.TrustProductsController.recommend(com.xintuo.vo.ReqPageVo,java.lang.Integer)
2018-11-10 21:44:36.108  INFO 5947 --- [           main] s.w.s.m.m.a.RequestMappingHandlerMapping : Mapped "{[/trustProducts/hot]}" onto public com.xintuo.controller.ResultModel com.xintuo.web.controller.TrustProductsController.hot(com.xintuo.vo.ReqPageVo,java.lang.Integer)
2018-11-10 21:44:36.108  INFO 5947 --- [           main] s.w.s.m.m.a.RequestMappingHandlerMapping : Mapped "{[/trustProducts/get]}" onto public com.xintuo.controller.ResultModel com.xintuo.web.controller.TrustProductsController.hot(java.lang.Integer)
2018-11-10 21:44:36.108  INFO 5947 --- [           main] s.w.s.m.m.a.RequestMappingHandlerMapping : Mapped "{[/trustProducts/search]}" onto public com.xintuo.controller.ResultModel com.xintuo.web.controller.TrustProductsController.search(com.xintuo.vo.ReqPageVo,com.xintuo.vo.ReqProductSearchVo)
2018-11-10 21:44:36.108  INFO 5947 --- [           main] s.w.s.m.m.a.RequestMappingHandlerMapping : Mapped "{[/trustProducts/order]}" onto public com.xintuo.controller.ResultModel com.xintuo.web.controller.TrustProductsController.order(java.lang.String,java.lang.String,java.lang.Integer)
2018-11-10 21:44:36.109  INFO 5947 --- [           main] s.w.s.m.m.a.RequestMappingHandlerMapping : Mapped "{[/error],produces=[text/html]}" onto public org.springframework.web.servlet.ModelAndView org.springframework.boot.autoconfigure.web.BasicErrorController.errorHtml(javax.servlet.http.HttpServletRequest,javax.servlet.http.HttpServletResponse)
2018-11-10 21:44:36.110  INFO 5947 --- [           main] s.w.s.m.m.a.RequestMappingHandlerMapping : Mapped "{[/error]}" onto public org.springframework.http.ResponseEntity<java.util.Map<java.lang.String, java.lang.Object>> org.springframework.boot.autoconfigure.web.BasicErrorController.error(javax.servlet.http.HttpServletRequest)
2018-11-10 21:44:36.213  INFO 5947 --- [           main] o.s.w.s.handler.SimpleUrlHandlerMapping  : Mapped URL path [/webjars/**] onto handler of type [class org.springframework.web.servlet.resource.ResourceHttpRequestHandler]
2018-11-10 21:44:36.213  INFO 5947 --- [           main] o.s.w.s.handler.SimpleUrlHandlerMapping  : Mapped URL path [/**] onto handler of type [class org.springframework.web.servlet.resource.ResourceHttpRequestHandler]
2018-11-10 21:44:36.252  INFO 5947 --- [           main] .m.m.a.ExceptionHandlerExceptionResolver : Detected @ExceptionHandler methods in handlerExceptionController
2018-11-10 21:44:36.320  INFO 5947 --- [           main] o.s.w.s.handler.SimpleUrlHandlerMapping  : Mapped URL path [/**/favicon.ico] onto handler of type [class org.springframework.web.servlet.resource.ResourceHttpRequestHandler]
2018-11-10 21:44:37.447  INFO 5947 --- [           main] o.s.b.a.e.mvc.EndpointHandlerMapping     : Mapped "{[/dump || /dump.json],methods=[GET],produces=[application/vnd.spring-boot.actuator.v1+json || application/json]}" onto public java.lang.Object org.springframework.boot.actuate.endpoint.mvc.EndpointMvcAdapter.invoke()
2018-11-10 21:44:37.450  INFO 5947 --- [           main] o.s.b.a.e.mvc.EndpointHandlerMapping     : Mapped "{[/metrics/{name:.*}],methods=[GET],produces=[application/vnd.spring-boot.actuator.v1+json || application/json]}" onto public java.lang.Object org.springframework.boot.actuate.endpoint.mvc.MetricsMvcEndpoint.value(java.lang.String)
2018-11-10 21:44:37.451  INFO 5947 --- [           main] o.s.b.a.e.mvc.EndpointHandlerMapping     : Mapped "{[/metrics || /metrics.json],methods=[GET],produces=[application/vnd.spring-boot.actuator.v1+json || application/json]}" onto public java.lang.Object org.springframework.boot.actuate.endpoint.mvc.EndpointMvcAdapter.invoke()
2018-11-10 21:44:37.451  INFO 5947 --- [           main] o.s.b.a.e.mvc.EndpointHandlerMapping     : Mapped "{[/trace || /trace.json],methods=[GET],produces=[application/vnd.spring-boot.actuator.v1+json || application/json]}" onto public java.lang.Object org.springframework.boot.actuate.endpoint.mvc.EndpointMvcAdapter.invoke()
2018-11-10 21:44:37.452  INFO 5947 --- [           main] o.s.b.a.e.mvc.EndpointHandlerMapping     : Mapped "{[/env/{name:.*}],methods=[GET],produces=[application/vnd.spring-boot.actuator.v1+json || application/json]}" onto public java.lang.Object org.springframework.boot.actuate.endpoint.mvc.EnvironmentMvcEndpoint.value(java.lang.String)
2018-11-10 21:44:37.452  INFO 5947 --- [           main] o.s.b.a.e.mvc.EndpointHandlerMapping     : Mapped "{[/env || /env.json],methods=[GET],produces=[application/vnd.spring-boot.actuator.v1+json || application/json]}" onto public java.lang.Object org.springframework.boot.actuate.endpoint.mvc.EndpointMvcAdapter.invoke()
2018-11-10 21:44:37.453  INFO 5947 --- [           main] o.s.b.a.e.mvc.EndpointHandlerMapping     : Mapped "{[/loggers/{name:.*}],methods=[GET],produces=[application/vnd.spring-boot.actuator.v1+json || application/json]}" onto public java.lang.Object org.springframework.boot.actuate.endpoint.mvc.LoggersMvcEndpoint.get(java.lang.String)
2018-11-10 21:44:37.454  INFO 5947 --- [           main] o.s.b.a.e.mvc.EndpointHandlerMapping     : Mapped "{[/loggers/{name:.*}],methods=[POST],consumes=[application/vnd.spring-boot.actuator.v1+json || application/json],produces=[application/vnd.spring-boot.actuator.v1+json || application/json]}" onto public java.lang.Object org.springframework.boot.actuate.endpoint.mvc.LoggersMvcEndpoint.set(java.lang.String,java.util.Map<java.lang.String, java.lang.String>)
2018-11-10 21:44:37.454  INFO 5947 --- [           main] o.s.b.a.e.mvc.EndpointHandlerMapping     : Mapped "{[/loggers || /loggers.json],methods=[GET],produces=[application/vnd.spring-boot.actuator.v1+json || application/json]}" onto public java.lang.Object org.springframework.boot.actuate.endpoint.mvc.EndpointMvcAdapter.invoke()
2018-11-10 21:44:37.459  INFO 5947 --- [           main] o.s.b.a.e.mvc.EndpointHandlerMapping     : Mapped "{[/health || /health.json],methods=[GET],produces=[application/vnd.spring-boot.actuator.v1+json || application/json]}" onto public java.lang.Object org.springframework.boot.actuate.endpoint.mvc.HealthMvcEndpoint.invoke(javax.servlet.http.HttpServletRequest,java.security.Principal)
2018-11-10 21:44:37.462  INFO 5947 --- [           main] o.s.b.a.e.mvc.EndpointHandlerMapping     : Mapped "{[/beans || /beans.json],methods=[GET],produces=[application/vnd.spring-boot.actuator.v1+json || application/json]}" onto public java.lang.Object org.springframework.boot.actuate.endpoint.mvc.EndpointMvcAdapter.invoke()
2018-11-10 21:44:37.464  INFO 5947 --- [           main] o.s.b.a.e.mvc.EndpointHandlerMapping     : Mapped "{[/heapdump || /heapdump.json],methods=[GET],produces=[application/octet-stream]}" onto public void org.springframework.boot.actuate.endpoint.mvc.HeapdumpMvcEndpoint.invoke(boolean,javax.servlet.http.HttpServletRequest,javax.servlet.http.HttpServletResponse) throws java.io.IOException,javax.servlet.ServletException
2018-11-10 21:44:37.465  INFO 5947 --- [           main] o.s.b.a.e.mvc.EndpointHandlerMapping     : Mapped "{[/info || /info.json],methods=[GET],produces=[application/vnd.spring-boot.actuator.v1+json || application/json]}" onto public java.lang.Object org.springframework.boot.actuate.endpoint.mvc.EndpointMvcAdapter.invoke()
2018-11-10 21:44:37.471  INFO 5947 --- [           main] o.s.b.a.e.mvc.EndpointHandlerMapping     : Mapped "{[/logfile || /logfile.json],methods=[GET || HEAD]}" onto public void org.springframework.boot.actuate.endpoint.mvc.LogFileMvcEndpoint.invoke(javax.servlet.http.HttpServletRequest,javax.servlet.http.HttpServletResponse) throws javax.servlet.ServletException,java.io.IOException
2018-11-10 21:44:37.474  INFO 5947 --- [           main] o.s.b.a.e.mvc.EndpointHandlerMapping     : Mapped "{[/mappings || /mappings.json],methods=[GET],produces=[application/vnd.spring-boot.actuator.v1+json || application/json]}" onto public java.lang.Object org.springframework.boot.actuate.endpoint.mvc.EndpointMvcAdapter.invoke()
2018-11-10 21:44:37.474  INFO 5947 --- [           main] o.s.b.a.e.mvc.EndpointHandlerMapping     : Mapped "{[/configprops || /configprops.json],methods=[GET],produces=[application/vnd.spring-boot.actuator.v1+json || application/json]}" onto public java.lang.Object org.springframework.boot.actuate.endpoint.mvc.EndpointMvcAdapter.invoke()
2018-11-10 21:44:37.475  INFO 5947 --- [           main] o.s.b.a.e.mvc.EndpointHandlerMapping     : Mapped "{[/auditevents || /auditevents.json],methods=[GET],produces=[application/vnd.spring-boot.actuator.v1+json || application/json]}" onto public org.springframework.http.ResponseEntity<?> org.springframework.boot.actuate.endpoint.mvc.AuditEventsMvcEndpoint.findByPrincipalAndAfterAndType(java.lang.String,java.util.Date,java.lang.String)
2018-11-10 21:44:37.475  INFO 5947 --- [           main] o.s.b.a.e.mvc.EndpointHandlerMapping     : Mapped "{[/autoconfig || /autoconfig.json],methods=[GET],produces=[application/vnd.spring-boot.actuator.v1+json || application/json]}" onto public java.lang.Object org.springframework.boot.actuate.endpoint.mvc.EndpointMvcAdapter.invoke()
2018-11-10 21:44:38.203  INFO 5947 --- [           main] o.s.j.e.a.AnnotationMBeanExporter        : Registering beans for JMX exposure on startup
2018-11-10 21:44:38.207  INFO 5947 --- [           main] o.s.j.e.a.AnnotationMBeanExporter        : Bean with name 'dataSource' has been autodetected for JMX exposure
2018-11-10 21:44:38.217  INFO 5947 --- [           main] o.s.j.e.a.AnnotationMBeanExporter        : Located MBean 'dataSource': registering with JMX server as MBean [com.zaxxer.hikari:name=dataSource,type=HikariDataSource]
2018-11-10 21:44:38.230  INFO 5947 --- [           main] o.s.c.support.DefaultLifecycleProcessor  : Starting beans in phase 0
2018-11-10 21:44:38.491  INFO 5947 --- [           main] b.c.e.u.UndertowEmbeddedServletContainer : Undertow started on port(s) 8080 (http)
2018-11-10 21:44:38.505  INFO 5947 --- [           main] com.xintuo.main.App                      : Started App in 13.168 seconds (JVM running for 13.975)
2018-11-12 10:49:49.261  INFO 5947 --- [  XNIO-2 task-1] io.undertow.servlet                      : Initializing Spring FrameworkServlet 'dispatcherServlet'
2018-11-12 10:49:49.262  INFO 5947 --- [  XNIO-2 task-1] o.s.web.servlet.DispatcherServlet        : FrameworkServlet 'dispatcherServlet': initialization started
2018-11-12 10:49:49.310  INFO 5947 --- [  XNIO-2 task-1] o.s.web.servlet.DispatcherServlet        : FrameworkServlet 'dispatcherServlet': initialization completed in 48 ms
2018-11-12 13:18:34.881  INFO 5947 --- [       Thread-2] ationConfigEmbeddedWebApplicationContext : Closing org.springframework.boot.context.embedded.AnnotationConfigEmbeddedWebApplicationContext@7591083d: startup date [Sat Nov 10 21:44:26 CST 2018]; root of context hierarchy
2018-11-12 13:18:35.249  INFO 5947 --- [       Thread-2] o.s.c.support.DefaultLifecycleProcessor  : Stopping beans in phase 0
2018-11-12 13:18:35.265  INFO 5947 --- [       Thread-2] o.s.j.e.a.AnnotationMBeanExporter        : Unregistering JMX-exposed beans on shutdown
2018-11-12 13:18:35.265  INFO 5947 --- [       Thread-2] o.s.j.e.a.AnnotationMBeanExporter        : Unregistering JMX-exposed beans
2018-11-12 13:18:35.296  INFO 5947 --- [       Thread-2] com.zaxxer.hikari.pool.HikariPool        : HikariPool-1 - Close initiated...
2018-11-12 13:18:35.311  INFO 5947 --- [       Thread-2] com.zaxxer.hikari.pool.HikariPool        : HikariPool-1 - Closed.
2018-11-12 13:18:35.312  INFO 5947 --- [       Thread-2] io.undertow.servlet                      : Destroying Spring FrameworkServlet 'dispatcherServlet'
SLF4J: Class path contains multiple SLF4J bindings.
SLF4J: Found binding in [jar:file:/usr/local/server/app/xintuo-web-1.0.0.jar!/BOOT-INF/lib/logback-classic-1.1.11.jar!/org/slf4j/impl/StaticLoggerBinder.class]
SLF4J: Found binding in [jar:file:/usr/local/server/app/xintuo-web-1.0.0.jar!/BOOT-INF/lib/log4j-slf4j-impl-2.7.jar!/org/slf4j/impl/StaticLoggerBinder.class]
SLF4J: See http://www.slf4j.org/codes.html#multiple_bindings for an explanation.
SLF4J: Actual binding is of type [ch.qos.logback.classic.util.ContextSelectorStaticBinder]

  .   ____          _            __ _ _
 /\\ / ___'_ __ _ _(_)_ __  __ _ \ \ \ \
( ( )\___ | '_ | '_| | '_ \/ _` | \ \ \ \
 \\/  ___)| |_)| | | | | || (_| |  ) ) ) )
  '  |____| .__|_| |_|_| |_\__, | / / / /
 =========|_|==============|___/=/_/_/_/
 :: Spring Boot ::        (v1.5.9.RELEASE)

2018-11-12 15:01:48.900  INFO 1769 --- [           main] com.xintuo.main.App                      : Starting App v1.0.0 on iZuf63g1c5ttslfu5cix3kZ with PID 1769 (/usr/local/server/app/xintuo-web-1.0.0.jar started by root in /usr/local/server/app)
2018-11-12 15:01:48.923  INFO 1769 --- [           main] com.xintuo.main.App                      : The following profiles are active: pro
2018-11-12 15:01:49.095  INFO 1769 --- [           main] ationConfigEmbeddedWebApplicationContext : Refreshing org.springframework.boot.context.embedded.AnnotationConfigEmbeddedWebApplicationContext@7591083d: startup date [Mon Nov 12 15:01:49 CST 2018]; root of context hierarchy
2018-11-12 15:01:51.315  INFO 1769 --- [           main] o.s.b.f.s.DefaultListableBeanFactory     : Overriding bean definition for bean 'dataSource' with a different definition: replacing [Root bean: class [null]; scope=; abstract=false; lazyInit=false; autowireMode=3; dependencyCheck=0; autowireCandidate=true; primary=false; factoryBeanName=org.springframework.boot.autoconfigure.jdbc.DataSourceConfiguration$Generic; factoryMethodName=dataSource; initMethodName=null; destroyMethodName=(inferred); defined in class path resource [org/springframework/boot/autoconfigure/jdbc/DataSourceConfiguration$Generic.class]] with [Root bean: class [null]; scope=; abstract=false; lazyInit=false; autowireMode=3; dependencyCheck=0; autowireCandidate=true; primary=false; factoryBeanName=org.springframework.boot.autoconfigure.jdbc.DataSourceConfiguration$Hikari; factoryMethodName=dataSource; initMethodName=null; destroyMethodName=(inferred); defined in class path resource [org/springframework/boot/autoconfigure/jdbc/DataSourceConfiguration$Hikari.class]]
2018-11-12 15:01:51.418  WARN 1769 --- [           main] c.i.s.BeetlSqlStarterClassPathScanner    : BeetlSql没有在 '[com.]' 包中找到任何Mapper，请检查配置
2018-11-12 15:01:54.434  INFO 1769 --- [           main] org.xnio                                 : XNIO version 3.3.8.Final
2018-11-12 15:01:54.485  INFO 1769 --- [           main] org.xnio.nio                             : XNIO NIO Implementation Version 3.3.8.Final
2018-11-12 15:01:54.829  WARN 1769 --- [           main] io.undertow.websockets.jsr               : UT026009: XNIO worker was not set on WebSocketDeploymentInfo, the default worker will be used
2018-11-12 15:01:54.832  WARN 1769 --- [           main] io.undertow.websockets.jsr               : UT026010: Buffer pool was not set on WebSocketDeploymentInfo, the default pool will be used
2018-11-12 15:01:54.912  INFO 1769 --- [           main] io.undertow.servlet                      : Initializing Spring embedded WebApplicationContext
2018-11-12 15:01:54.916  INFO 1769 --- [           main] o.s.web.context.ContextLoader            : Root WebApplicationContext: initialization completed in 5832 ms
2018-11-12 15:01:55.983  INFO 1769 --- [           main] o.s.b.w.servlet.ServletRegistrationBean  : Mapping servlet: 'dispatcherServlet' to [/]
2018-11-12 15:01:56.080  INFO 1769 --- [           main] o.s.b.w.servlet.FilterRegistrationBean   : Mapping filter: 'metricsFilter' to: [/*]
2018-11-12 15:01:56.082  INFO 1769 --- [           main] o.s.b.w.servlet.FilterRegistrationBean   : Mapping filter: 'characterEncodingFilter' to: [/*]
2018-11-12 15:01:56.083  INFO 1769 --- [           main] o.s.b.w.servlet.FilterRegistrationBean   : Mapping filter: 'hiddenHttpMethodFilter' to: [/*]
2018-11-12 15:01:56.084  INFO 1769 --- [           main] o.s.b.w.servlet.FilterRegistrationBean   : Mapping filter: 'httpPutFormContentFilter' to: [/*]
2018-11-12 15:01:56.086  INFO 1769 --- [           main] o.s.b.w.servlet.FilterRegistrationBean   : Mapping filter: 'requestContextFilter' to: [/*]
2018-11-12 15:01:56.086  INFO 1769 --- [           main] o.s.b.w.servlet.FilterRegistrationBean   : Mapping filter: 'webRequestLoggingFilter' to: [/*]
2018-11-12 15:01:56.086  INFO 1769 --- [           main] o.s.b.w.servlet.FilterRegistrationBean   : Mapping filter: 'corsFilter' to: [/*]
2018-11-12 15:01:57.037  INFO 1769 --- [           main] com.zaxxer.hikari.HikariDataSource       : HikariPool-1 - Started.
2018-11-12 15:02:00.660  INFO 1769 --- [           main] s.w.s.m.m.a.RequestMappingHandlerAdapter : Looking for @ControllerAdvice: org.springframework.boot.context.embedded.AnnotationConfigEmbeddedWebApplicationContext@7591083d: startup date [Mon Nov 12 15:01:49 CST 2018]; root of context hierarchy
2018-11-12 15:02:00.856  INFO 1769 --- [           main] s.w.s.m.m.a.RequestMappingHandlerMapping : Mapped "{[/admin/user/current]}" onto public com.xintuo.controller.ResultModel com.xintuo.admin.controller.admin.AdminUserController.current()
2018-11-12 15:02:00.857  INFO 1769 --- [           main] s.w.s.m.m.a.RequestMappingHandlerMapping : Mapped "{[/admin/user/updatePassword]}" onto public com.xintuo.controller.ResultModel com.xintuo.admin.controller.admin.AdminUserController.updatePaw(java.lang.String,java.lang.String)
2018-11-12 15:02:00.860  INFO 1769 --- [           main] s.w.s.m.m.a.RequestMappingHandlerMapping : Mapped "{[/admin/category/update]}" onto public com.xintuo.controller.ResultModel com.xintuo.admin.controller.category.CategoryController.updateCategory(com.xintuo.vo.ReqCategoryVo)
2018-11-12 15:02:00.861  INFO 1769 --- [           main] s.w.s.m.m.a.RequestMappingHandlerMapping : Mapped "{[/admin/category/del]}" onto public com.xintuo.controller.ResultModel com.xintuo.admin.controller.category.CategoryController.del(java.lang.Integer)
2018-11-12 15:02:00.861  INFO 1769 --- [           main] s.w.s.m.m.a.RequestMappingHandlerMapping : Mapped "{[/admin/category/list]}" onto public com.xintuo.controller.ResultModel com.xintuo.admin.controller.category.CategoryController.listCategory(com.xintuo.vo.ReqPageVo,java.lang.Integer)
2018-11-12 15:02:00.861  INFO 1769 --- [           main] s.w.s.m.m.a.RequestMappingHandlerMapping : Mapped "{[/admin/category/add]}" onto public com.xintuo.controller.ResultModel com.xintuo.admin.controller.category.CategoryController.addCategory(com.xintuo.vo.ReqCategoryVo)
2018-11-12 15:02:00.864  INFO 1769 --- [           main] s.w.s.m.m.a.RequestMappingHandlerMapping : Mapped "{[/]}" onto public java.lang.Object com.xintuo.admin.controller.IndexController.index()
2018-11-12 15:02:00.869  INFO 1769 --- [           main] s.w.s.m.m.a.RequestMappingHandlerMapping : Mapped "{[/admin/insurance/del]}" onto public com.xintuo.controller.ResultModel com.xintuo.admin.controller.insurance.InsuranceController.del(java.lang.Integer)
2018-11-12 15:02:00.869  INFO 1769 --- [           main] s.w.s.m.m.a.RequestMappingHandlerMapping : Mapped "{[/admin/insurance/add]}" onto public com.xintuo.controller.ResultModel com.xintuo.admin.controller.insurance.InsuranceController.add(java.lang.String,java.lang.String)
2018-11-12 15:02:00.869  INFO 1769 --- [           main] s.w.s.m.m.a.RequestMappingHandlerMapping : Mapped "{[/admin/insurance/get]}" onto public com.xintuo.controller.ResultModel com.xintuo.admin.controller.insurance.InsuranceController.get(java.lang.Integer)
2018-11-12 15:02:00.876  INFO 1769 --- [           main] s.w.s.m.m.a.RequestMappingHandlerMapping : Mapped "{[/admin/insurance/update]}" onto public com.xintuo.controller.ResultModel com.xintuo.admin.controller.insurance.InsuranceController.update(java.lang.Integer,java.lang.String,java.lang.String)
2018-11-12 15:02:00.877  INFO 1769 --- [           main] s.w.s.m.m.a.RequestMappingHandlerMapping : Mapped "{[/admin/insurance/list]}" onto public com.xintuo.controller.ResultModel com.xintuo.admin.controller.insurance.InsuranceController.list(com.xintuo.vo.ReqPageVo)
2018-11-12 15:02:00.878  INFO 1769 --- [           main] s.w.s.m.m.a.RequestMappingHandlerMapping : Mapped "{[/admin/login]}" onto public com.xintuo.controller.ResultModel com.xintuo.admin.controller.LoginController.login(java.lang.String,java.lang.String)
2018-11-12 15:02:00.884  INFO 1769 --- [           main] s.w.s.m.m.a.RequestMappingHandlerMapping : Mapped "{[/admin/product/del]}" onto public com.xintuo.controller.ResultModel com.xintuo.admin.controller.product.ProductController.del(java.lang.Integer)
2018-11-12 15:02:00.885  INFO 1769 --- [           main] s.w.s.m.m.a.RequestMappingHandlerMapping : Mapped "{[/admin/product/add]}" onto public com.xintuo.controller.ResultModel com.xintuo.admin.controller.product.ProductController.add(com.xintuo.vo.ReqTrustProductVo)
2018-11-12 15:02:00.886  INFO 1769 --- [           main] s.w.s.m.m.a.RequestMappingHandlerMapping : Mapped "{[/admin/product/get]}" onto public com.xintuo.controller.ResultModel com.xintuo.admin.controller.product.ProductController.get(java.lang.Integer)
2018-11-12 15:02:00.887  INFO 1769 --- [           main] s.w.s.m.m.a.RequestMappingHandlerMapping : Mapped "{[/admin/product/update]}" onto public com.xintuo.controller.ResultModel com.xintuo.admin.controller.product.ProductController.update(com.xintuo.vo.ReqTrustProductVo)
2018-11-12 15:02:00.888  INFO 1769 --- [           main] s.w.s.m.m.a.RequestMappingHandlerMapping : Mapped "{[/admin/product/list]}" onto public com.xintuo.controller.ResultModel com.xintuo.admin.controller.product.ProductController.list(com.xintuo.vo.ReqPageVo,java.lang.Integer,java.lang.String,java.lang.Integer)
2018-11-12 15:02:00.890  INFO 1769 --- [           main] s.w.s.m.m.a.RequestMappingHandlerMapping : Mapped "{[/admin/reservation/del]}" onto public com.xintuo.controller.ResultModel com.xintuo.admin.controller.reservation.ReservationController.del(java.lang.Integer)
2018-11-12 15:02:00.896  INFO 1769 --- [           main] s.w.s.m.m.a.RequestMappingHandlerMapping : Mapped "{[/admin/reservation/list]}" onto public com.xintuo.controller.ResultModel com.xintuo.admin.controller.reservation.ReservationController.listReservation(com.xintuo.vo.ReqPageVo)
2018-11-12 15:02:00.897  INFO 1769 --- [           main] s.w.s.m.m.a.RequestMappingHandlerMapping : Mapped "{[/insurance/list]}" onto public com.xintuo.controller.ResultModel com.xintuo.web.controller.InsuranceFrontController.list(com.xintuo.vo.ReqPageVo)
2018-11-12 15:02:00.899  INFO 1769 --- [           main] s.w.s.m.m.a.RequestMappingHandlerMapping : Mapped "{[/trustProducts/recommend]}" onto public com.xintuo.controller.ResultModel com.xintuo.web.controller.TrustProductsController.recommend(com.xintuo.vo.ReqPageVo,java.lang.Integer)
2018-11-12 15:02:00.899  INFO 1769 --- [           main] s.w.s.m.m.a.RequestMappingHandlerMapping : Mapped "{[/trustProducts/hot]}" onto public com.xintuo.controller.ResultModel com.xintuo.web.controller.TrustProductsController.hot(com.xintuo.vo.ReqPageVo,java.lang.Integer)
2018-11-12 15:02:00.899  INFO 1769 --- [           main] s.w.s.m.m.a.RequestMappingHandlerMapping : Mapped "{[/trustProducts/get]}" onto public com.xintuo.controller.ResultModel com.xintuo.web.controller.TrustProductsController.hot(java.lang.Integer)
2018-11-12 15:02:00.899  INFO 1769 --- [           main] s.w.s.m.m.a.RequestMappingHandlerMapping : Mapped "{[/trustProducts/search]}" onto public com.xintuo.controller.ResultModel com.xintuo.web.controller.TrustProductsController.search(com.xintuo.vo.ReqPageVo,com.xintuo.vo.ReqProductSearchVo)
2018-11-12 15:02:00.900  INFO 1769 --- [           main] s.w.s.m.m.a.RequestMappingHandlerMapping : Mapped "{[/trustProducts/order]}" onto public com.xintuo.controller.ResultModel com.xintuo.web.controller.TrustProductsController.order(java.lang.String,java.lang.String,java.lang.Integer)
2018-11-12 15:02:00.901  INFO 1769 --- [           main] s.w.s.m.m.a.RequestMappingHandlerMapping : Mapped "{[/error],produces=[text/html]}" onto public org.springframework.web.servlet.ModelAndView org.springframework.boot.autoconfigure.web.BasicErrorController.errorHtml(javax.servlet.http.HttpServletRequest,javax.servlet.http.HttpServletResponse)
2018-11-12 15:02:00.903  INFO 1769 --- [           main] s.w.s.m.m.a.RequestMappingHandlerMapping : Mapped "{[/error]}" onto public org.springframework.http.ResponseEntity<java.util.Map<java.lang.String, java.lang.Object>> org.springframework.boot.autoconfigure.web.BasicErrorController.error(javax.servlet.http.HttpServletRequest)
2018-11-12 15:02:00.996  INFO 1769 --- [           main] o.s.w.s.handler.SimpleUrlHandlerMapping  : Mapped URL path [/webjars/**] onto handler of type [class org.springframework.web.servlet.resource.ResourceHttpRequestHandler]
2018-11-12 15:02:00.997  INFO 1769 --- [           main] o.s.w.s.handler.SimpleUrlHandlerMapping  : Mapped URL path [/**] onto handler of type [class org.springframework.web.servlet.resource.ResourceHttpRequestHandler]
2018-11-12 15:02:01.039  INFO 1769 --- [           main] .m.m.a.ExceptionHandlerExceptionResolver : Detected @ExceptionHandler methods in handlerExceptionController
2018-11-12 15:02:01.100  INFO 1769 --- [           main] o.s.w.s.handler.SimpleUrlHandlerMapping  : Mapped URL path [/**/favicon.ico] onto handler of type [class org.springframework.web.servlet.resource.ResourceHttpRequestHandler]
2018-11-12 15:02:02.393  INFO 1769 --- [           main] o.s.b.a.e.mvc.EndpointHandlerMapping     : Mapped "{[/metrics/{name:.*}],methods=[GET],produces=[application/vnd.spring-boot.actuator.v1+json || application/json]}" onto public java.lang.Object org.springframework.boot.actuate.endpoint.mvc.MetricsMvcEndpoint.value(java.lang.String)
2018-11-12 15:02:02.393  INFO 1769 --- [           main] o.s.b.a.e.mvc.EndpointHandlerMapping     : Mapped "{[/metrics || /metrics.json],methods=[GET],produces=[application/vnd.spring-boot.actuator.v1+json || application/json]}" onto public java.lang.Object org.springframework.boot.actuate.endpoint.mvc.EndpointMvcAdapter.invoke()
2018-11-12 15:02:02.396  INFO 1769 --- [           main] o.s.b.a.e.mvc.EndpointHandlerMapping     : Mapped "{[/loggers/{name:.*}],methods=[GET],produces=[application/vnd.spring-boot.actuator.v1+json || application/json]}" onto public java.lang.Object org.springframework.boot.actuate.endpoint.mvc.LoggersMvcEndpoint.get(java.lang.String)
2018-11-12 15:02:02.397  INFO 1769 --- [           main] o.s.b.a.e.mvc.EndpointHandlerMapping     : Mapped "{[/loggers/{name:.*}],methods=[POST],consumes=[application/vnd.spring-boot.actuator.v1+json || application/json],produces=[application/vnd.spring-boot.actuator.v1+json || application/json]}" onto public java.lang.Object org.springframework.boot.actuate.endpoint.mvc.LoggersMvcEndpoint.set(java.lang.String,java.util.Map<java.lang.String, java.lang.String>)
2018-11-12 15:02:02.397  INFO 1769 --- [           main] o.s.b.a.e.mvc.EndpointHandlerMapping     : Mapped "{[/loggers || /loggers.json],methods=[GET],produces=[application/vnd.spring-boot.actuator.v1+json || application/json]}" onto public java.lang.Object org.springframework.boot.actuate.endpoint.mvc.EndpointMvcAdapter.invoke()
2018-11-12 15:02:02.399  INFO 1769 --- [           main] o.s.b.a.e.mvc.EndpointHandlerMapping     : Mapped "{[/autoconfig || /autoconfig.json],methods=[GET],produces=[application/vnd.spring-boot.actuator.v1+json || application/json]}" onto public java.lang.Object org.springframework.boot.actuate.endpoint.mvc.EndpointMvcAdapter.invoke()
2018-11-12 15:02:02.400  INFO 1769 --- [           main] o.s.b.a.e.mvc.EndpointHandlerMapping     : Mapped "{[/mappings || /mappings.json],methods=[GET],produces=[application/vnd.spring-boot.actuator.v1+json || application/json]}" onto public java.lang.Object org.springframework.boot.actuate.endpoint.mvc.EndpointMvcAdapter.invoke()
2018-11-12 15:02:02.401  INFO 1769 --- [           main] o.s.b.a.e.mvc.EndpointHandlerMapping     : Mapped "{[/logfile || /logfile.json],methods=[GET || HEAD]}" onto public void org.springframework.boot.actuate.endpoint.mvc.LogFileMvcEndpoint.invoke(javax.servlet.http.HttpServletRequest,javax.servlet.http.HttpServletResponse) throws javax.servlet.ServletException,java.io.IOException
2018-11-12 15:02:02.404  INFO 1769 --- [           main] o.s.b.a.e.mvc.EndpointHandlerMapping     : Mapped "{[/dump || /dump.json],methods=[GET],produces=[application/vnd.spring-boot.actuator.v1+json || application/json]}" onto public java.lang.Object org.springframework.boot.actuate.endpoint.mvc.EndpointMvcAdapter.invoke()
2018-11-12 15:02:02.405  INFO 1769 --- [           main] o.s.b.a.e.mvc.EndpointHandlerMapping     : Mapped "{[/info || /info.json],methods=[GET],produces=[application/vnd.spring-boot.actuator.v1+json || application/json]}" onto public java.lang.Object org.springframework.boot.actuate.endpoint.mvc.EndpointMvcAdapter.invoke()
2018-11-12 15:02:02.405  INFO 1769 --- [           main] o.s.b.a.e.mvc.EndpointHandlerMapping     : Mapped "{[/heapdump || /heapdump.json],methods=[GET],produces=[application/octet-stream]}" onto public void org.springframework.boot.actuate.endpoint.mvc.HeapdumpMvcEndpoint.invoke(boolean,javax.servlet.http.HttpServletRequest,javax.servlet.http.HttpServletResponse) throws java.io.IOException,javax.servlet.ServletException
2018-11-12 15:02:02.408  INFO 1769 --- [           main] o.s.b.a.e.mvc.EndpointHandlerMapping     : Mapped "{[/trace || /trace.json],methods=[GET],produces=[application/vnd.spring-boot.actuator.v1+json || application/json]}" onto public java.lang.Object org.springframework.boot.actuate.endpoint.mvc.EndpointMvcAdapter.invoke()
2018-11-12 15:02:02.409  INFO 1769 --- [           main] o.s.b.a.e.mvc.EndpointHandlerMapping     : Mapped "{[/beans || /beans.json],methods=[GET],produces=[application/vnd.spring-boot.actuator.v1+json || application/json]}" onto public java.lang.Object org.springframework.boot.actuate.endpoint.mvc.EndpointMvcAdapter.invoke()
2018-11-12 15:02:02.411  INFO 1769 --- [           main] o.s.b.a.e.mvc.EndpointHandlerMapping     : Mapped "{[/auditevents || /auditevents.json],methods=[GET],produces=[application/vnd.spring-boot.actuator.v1+json || application/json]}" onto public org.springframework.http.ResponseEntity<?> org.springframework.boot.actuate.endpoint.mvc.AuditEventsMvcEndpoint.findByPrincipalAndAfterAndType(java.lang.String,java.util.Date,java.lang.String)
2018-11-12 15:02:02.413  INFO 1769 --- [           main] o.s.b.a.e.mvc.EndpointHandlerMapping     : Mapped "{[/health || /health.json],methods=[GET],produces=[application/vnd.spring-boot.actuator.v1+json || application/json]}" onto public java.lang.Object org.springframework.boot.actuate.endpoint.mvc.HealthMvcEndpoint.invoke(javax.servlet.http.HttpServletRequest,java.security.Principal)
2018-11-12 15:02:02.421  INFO 1769 --- [           main] o.s.b.a.e.mvc.EndpointHandlerMapping     : Mapped "{[/env/{name:.*}],methods=[GET],produces=[application/vnd.spring-boot.actuator.v1+json || application/json]}" onto public java.lang.Object org.springframework.boot.actuate.endpoint.mvc.EnvironmentMvcEndpoint.value(java.lang.String)
2018-11-12 15:02:02.422  INFO 1769 --- [           main] o.s.b.a.e.mvc.EndpointHandlerMapping     : Mapped "{[/env || /env.json],methods=[GET],produces=[application/vnd.spring-boot.actuator.v1+json || application/json]}" onto public java.lang.Object org.springframework.boot.actuate.endpoint.mvc.EndpointMvcAdapter.invoke()
2018-11-12 15:02:02.422  INFO 1769 --- [           main] o.s.b.a.e.mvc.EndpointHandlerMapping     : Mapped "{[/configprops || /configprops.json],methods=[GET],produces=[application/vnd.spring-boot.actuator.v1+json || application/json]}" onto public java.lang.Object org.springframework.boot.actuate.endpoint.mvc.EndpointMvcAdapter.invoke()
2018-11-12 15:02:03.017  INFO 1769 --- [           main] o.s.j.e.a.AnnotationMBeanExporter        : Registering beans for JMX exposure on startup
2018-11-12 15:02:03.020  INFO 1769 --- [           main] o.s.j.e.a.AnnotationMBeanExporter        : Bean with name 'dataSource' has been autodetected for JMX exposure
2018-11-12 15:02:03.030  INFO 1769 --- [           main] o.s.j.e.a.AnnotationMBeanExporter        : Located MBean 'dataSource': registering with JMX server as MBean [com.zaxxer.hikari:name=dataSource,type=HikariDataSource]
2018-11-12 15:02:03.059  INFO 1769 --- [           main] o.s.c.support.DefaultLifecycleProcessor  : Starting beans in phase 0
2018-11-12 15:02:03.589  INFO 1769 --- [           main] b.c.e.u.UndertowEmbeddedServletContainer : Undertow started on port(s) 8080 (http)
2018-11-12 15:02:03.601  INFO 1769 --- [           main] com.xintuo.main.App                      : Started App in 16.251 seconds (JVM running for 18.957)
2018-11-12 15:04:31.316  INFO 1769 --- [  XNIO-2 task-2] io.undertow.servlet                      : Initializing Spring FrameworkServlet 'dispatcherServlet'
2018-11-12 15:04:31.316  INFO 1769 --- [  XNIO-2 task-2] o.s.web.servlet.DispatcherServlet        : FrameworkServlet 'dispatcherServlet': initialization started
2018-11-12 15:04:31.385  INFO 1769 --- [  XNIO-2 task-2] o.s.web.servlet.DispatcherServlet        : FrameworkServlet 'dispatcherServlet': initialization completed in 69 ms
